<?xml version="1.0" encoding="UTF-8"?>
<!-- Generated by org.testng.reporters.JUnitReportReporter -->
<testsuite hostname="SKY-20180503SJW" name="com.zoey.LessionFive.mvnTestNg" tests="1" failures="0" timestamp="3 Jun 2018 03:10:01 GMT" time="0.000" errors="0">
  <testcase name="testHelloworld" time="0.000" classname="com.zoey.LessionFive.mvnTestNg"/>
</testsuite> <!-- com.zoey.LessionFive.mvnTestNg -->
